<?xml version="1.0" encoding="UTF-8"?>
<!-- Generated by org.testng.reporters.JUnitReportReporter -->
<testsuite hostname="DESKTOP-66K9GTN" failures="0" tests="1" name="com.akn.Appium.Base" time="59.416" errors="0" timestamp="2023-08-21T21:11:28 UTC" skipped="0">
  <testcase classname="com.akn.Appium.Base" name="ConfigureAppium" time="59.416"/>
</testsuite> <!-- com.akn.Appium.Base -->
