<?xml version="1.0" encoding="UTF-8"?>
<!-- Generated by org.testng.reporters.JUnitReportReporter -->
<testsuite hostname="DESKTOP-66K9GTN" failures="0" tests="1" name="com.akn.Appium.ViewText" time="3.301" errors="0" timestamp="2023-08-21T23:53:33 UTC" skipped="0">
  <testcase classname="com.akn.Appium.ViewText" name="testText" time="3.301"/>
</testsuite> <!-- com.akn.Appium.ViewText -->
