<?xml version="1.0" encoding="UTF-8"?>
<!-- Generated by org.testng.reporters.JUnitReportReporter -->
<testsuite hostname="DESKTOP-66K9GTN" failures="0" tests="1" name="com.akn.Appium.SetWifi" time="5.289" errors="0" timestamp="2023-08-21T23:37:33 UTC" skipped="0">
  <testcase classname="com.akn.Appium.SetWifi" name="setWify" time="5.289"/>
</testsuite> <!-- com.akn.Appium.SetWifi -->
